[2019-01-27T18:16:33.328-0500] [] [INFORMACIÓN] [] [fish.payara.nucleus.hazelcast.HazelcastCore] [tid: _ThreadID=1 _ThreadName=main] [timeMillis: 1548630993328] [levelValue: 800] JSR107 Caching Provider Bound to JNDI at payara/CachingProvider

[2019-01-27T18:16:33.333-0500] [] [INFORMACIÓN] [] [fish.payara.nucleus.hazelcast.HazelcastCore] [tid: _ThreadID=1 _ThreadName=main] [timeMillis: 1548630993333] [levelValue: 800] JSR107 Default Cache Manager Bound to JNDI at payara/CacheManager

[2019-01-27T18:16:33.337-0500] [] [INFORMACIÓN] [] [fish.payara.nucleus.cluster.PayaraCluster] [tid: _ThreadID=26 _ThreadName=Executor-Service-3] [timeMillis: 1548630993337] [levelValue: 800] [[
  Data Grid Status 
Payara Data Grid State: DG Version: 35 DG Size: 1
Instances: {
Address: /25.32.91.217:6900 UUID: b5758a8b-96f8-4a01-b93f-78de97d2fde6 Lite: false This: true Name: Drab-Trout Group: MicroShoal
}]]

[2019-01-27T18:16:33.431-0500] [] [INFORMACIÓN] [AS-WEB-GLUE-00130] [javax.enterprise.web] [tid: _ThreadID=1 _ThreadName=main] [timeMillis: 1548630993431] [levelValue: 800] Invalid Session Management Configuration for non-distributable app [asdapi-web-1.0] - defaulting to memory: persistence-type = [hazelcast] / persistenceFrequency = [web-method] / persistenceScope = [modified-session]

[2019-01-27T18:16:33.487-0500] [] [INFORMACIÓN] [] [com.hazelcast.internal.partition.impl.PartitionStateManager] [tid: _ThreadID=25 _ThreadName=Executor-Service-2] [timeMillis: 1548630993487] [levelValue: 800] [25.32.91.217]:6900 [development] [3.11] Initializing cluster partition table arrangement...

[2019-01-27T18:16:34.375-0500] [] [INFORMACIÓN] [] [com.hazelcast.internal.diagnostics.HealthMonitor] [tid: _ThreadID=91 _ThreadName=hz._hzInstance_1_development.HealthMonitor] [timeMillis: 1548630994375] [levelValue: 800] [25.32.91.217]:6900 [development] [3.11] processors=4, physical.memory.total=15,9G, physical.memory.free=6,4G, swap.space.total=24,2G, swap.space.free=8,0G, heap.memory.used=152,3M, heap.memory.free=1,1G, heap.memory.total=1,2G, heap.memory.max=3,5G, heap.memory.used/total=12,30%, heap.memory.used/max=4,20%, minor.gc.count=14, minor.gc.time=365ms, major.gc.count=3, major.gc.time=654ms, load.process=78,13%, load.system=100,00%, load.systemAverage=n/a thread.count=100, thread.peakCount=100, cluster.timeDiff=0, event.q.size=0, executor.q.async.size=0, executor.q.client.size=0, executor.q.query.size=0, executor.q.scheduled.size=0, executor.q.io.size=0, executor.q.system.size=0, executor.q.operations.size=0, executor.q.priorityOperation.size=0, operations.completed.count=6, executor.q.mapLoad.size=0, executor.q.mapLoadAllKeys.size=0, executor.q.cluster.size=0, executor.q.response.size=0, operations.running.count=0, operations.pending.invocations.percentage=0,00%, operations.pending.invocations.count=0, proxy.count=0, clientEndpoint.count=0, connection.active.count=0, client.connection.count=0, connection.count=0

[2019-01-27T18:16:35.508-0500] [] [INFORMACIÓN] [] [org.glassfish.soteria.servlet.SamRegistrationInstaller] [tid: _ThreadID=1 _ThreadName=main] [timeMillis: 1548630995508] [levelValue: 800] Initializing Soteria 1.1-b01 for context '/asd'

[2019-01-27T18:16:36.345-0500] [] [INFORMACIÓN] [] [com.sun.jersey.api.core.servlet.WebAppResourceConfig] [tid: _ThreadID=1 _ThreadName=main] [timeMillis: 1548630996345] [levelValue: 800] Scanning for root resource and provider classes in the Web app resource paths:
  /WEB-INF/lib
  /WEB-INF/classes

[2019-01-27T18:16:37.622-0500] [] [INFORMACIÓN] [] [com.sun.jersey.api.core.ScanningResourceConfig] [tid: _ThreadID=1 _ThreadName=main] [timeMillis: 1548630997622] [levelValue: 800] Root resource classes found:
  class io.swagger.v3.jaxrs2.integration.resources.AcceptHeaderOpenApiResource
  class io.swagger.v3.jaxrs2.integration.resources.OpenApiResource
  class com.asd.api.rest.activos.servicios.ServicioActivos

[2019-01-27T18:16:37.637-0500] [] [INFORMACIÓN] [] [com.sun.jersey.api.core.ScanningResourceConfig] [tid: _ThreadID=1 _ThreadName=main] [timeMillis: 1548630997637] [levelValue: 800] Provider classes found:
  class org.codehaus.jackson.jaxrs.JacksonJsonProvider
  class com.fasterxml.jackson.jaxrs.json.JacksonJaxbJsonProvider
  class org.codehaus.jackson.jaxrs.JsonMappingExceptionMapper
  class io.swagger.v3.jaxrs2.SwaggerSerializers
  class com.fasterxml.jackson.jaxrs.json.JacksonJsonProvider
  class org.codehaus.jackson.jaxrs.JacksonJaxbJsonProvider
  class org.codehaus.jackson.jaxrs.JsonParseExceptionMapper

[2019-01-27T18:16:37.876-0500] [] [INFORMACIÓN] [] [com.sun.jersey.server.impl.cdi.CDIComponentProviderFactoryInitializer] [tid: _ThreadID=1 _ThreadName=main] [timeMillis: 1548630997876] [levelValue: 800] CDI support is enabled

[2019-01-27T18:16:37.913-0500] [] [INFORMACIÓN] [] [com.sun.jersey.server.impl.application.WebApplicationImpl] [tid: _ThreadID=1 _ThreadName=main] [timeMillis: 1548630997913] [levelValue: 800] Initiating Jersey application, version 'Jersey: 1.19.4 05/24/2017 03:46 PM'

[2019-01-27T18:16:41.033-0500] [] [INFORMACIÓN] [AS-WEB-GLUE-00172] [javax.enterprise.web] [tid: _ThreadID=1 _ThreadName=main] [timeMillis: 1548631001033] [levelValue: 800] Loading application [asdapi-web-1.0] at [/asd]

[2019-01-27T18:16:45.770-0500] [] [INFORMACIÓN] [] [PayaraMicro] [tid: _ThreadID=1 _ThreadName=main] [timeMillis: 1548631005770] [levelValue: 800] 
{
    "Instance Configuration": {
        "Host": "andres-pc",
        "Http Port(s)": "8080",
        "Https Port(s)": "",
        "Instance Name": "Drab-Trout",
        "Instance Group": "MicroShoal",
        "Hazelcast Member UUID": "b5758a8b-96f8-4a01-b93f-78de97d2fde6",
        "Deployed": [
            {
                "Name": "asdapi-web-1.0",
                "Type": "war",
                "Context Root": "/asd"
            }
        ]
    }
}

[2019-01-27T18:16:45.777-0500] [] [INFORMACIÓN] [] [PayaraMicro] [tid: _ThreadID=1 _ThreadName=main] [timeMillis: 1548631005777] [levelValue: 800] 
Payara Micro URLs:
http://andres-pc:8080/asd



[2019-01-27T18:16:45.778-0500] [] [INFORMACIÓN] [] [PayaraMicro] [tid: _ThreadID=1 _ThreadName=main] [timeMillis: 1548631005778] [levelValue: 800] Payara Micro  5.184 #badassmicrofish (build 89) ready in 42.394 (ms)

[2019-01-27T18:25:03.988-0500] [] [INFORMACIÓN] [] [com.hazelcast.instance.Node] [tid: _ThreadID=73 _ThreadName=hz.ShutdownThread] [timeMillis: 1548631503988] [levelValue: 800] [25.32.91.217]:6900 [development] [3.11] Running shutdown hook... Current state: ACTIVE

